<?xml version="1.0" encoding="UTF-8" ?>

<testsuite failures="0" time="0.691" errors="0" skipped="0" tests="4" name="ApplicationTest">
  <testcase classname="ApplicationTest" name="testAbout" time="0.586">
      </testcase>
  <testcase classname="ApplicationTest" name="testHome" time="0.024">
      </testcase>
  <testcase classname="ApplicationTest" name="testLanding" time="0.019">
      </testcase>
  <testcase classname="ApplicationTest" name="testAdminSecurity" time="0.062">
      </testcase>
</testsuite>